# JRE version: OpenJDK Runtime Environment Temurin-21.0.4+7 (21.0.4+7) (build 21.0.4+7-LTS)
# Java VM: OpenJDK 64-Bit Server VM Temurin-21.0.4+7 (21.0.4+7-LTS, mixed mode, emulated-client, tiered, compressed oops, compressed class ptrs, g1 gc, windows-amd64)
GC Precious Log:
 CardTable entry size: 512
 Card Set container configuration: InlinePtr #cards 4 size 8 Array Of Cards #cards 16 size 48 Howl #buckets 8 coarsen threshold 3686 Howl Bitmap #cards 512 size 80 coarsen threshold 460 Card regions per heap region 1 cards per card region 4096
 CPUs: 16 total, 16 available
 Memory: 15710M
 Large Page Support: Disabled
 NUMA Support: Disabled
 Compressed Oops: Enabled (Zero based)
 Heap Region Size: 2M
 Heap Min Capacity: 8M
 Heap Initial Capacity: 246M
 Heap Max Capacity: 3928M
 Pre-touch: Disabled
 Parallel Workers: 13
 Concurrent Workers: 3
 Concurrent Refinement Workers: 13
 Periodic GC: Disabled
Heap:
 garbage-first heap   total 96256K, used 56456K [0x000000070a800000, 0x0000000800000000)
  region size 2048K, 16 young (32768K), 3 survivors (6144K)
 Metaspace       used 87985K, committed 88896K, reserved 1179648K
  class space    used 11669K, committed 12096K, reserved 1048576K
GC Heap History (20 events):
Event: 4.683 GC heap before
{Heap before GC invocations=21 (full 0):
 garbage-first heap   total 96256K, used 77197K [0x000000070a800000, 0x0000000800000000)
  region size 2048K, 28 young (57344K), 3 survivors (6144K)
 Metaspace       used 74260K, committed 75008K, reserved 1114112K
  class space    used 9740K, committed 10112K, reserved 1048576K
}
Event: 4.686 GC heap after
{Heap after GC invocations=22 (full 0):
 garbage-first heap   total 96256K, used 29534K [0x000000070a800000, 0x0000000800000000)
  region size 2048K, 3 young (6144K), 3 survivors (6144K)
 Metaspace       used 74260K, committed 75008K, reserved 1114112K
  class space    used 9740K, committed 10112K, reserved 1048576K
}
Event: 4.995 GC heap before
{Heap before GC invocations=22 (full 0):
 garbage-first heap   total 96256K, used 78686K [0x000000070a800000, 0x0000000800000000)
  region size 2048K, 28 young (57344K), 3 survivors (6144K)
 Metaspace       used 77836K, committed 78528K, reserved 1179648K
  class space    used 10241K, committed 10560K, reserved 1048576K
}
Event: 4.997 GC heap after
{Heap after GC invocations=23 (full 0):
 garbage-first heap   total 96256K, used 31954K [0x000000070a800000, 0x0000000800000000)
  region size 2048K, 4 young (8192K), 4 survivors (8192K)
 Metaspace       used 77836K, committed 78528K, reserved 1179648K
  class space    used 10241K, committed 10560K, reserved 1048576K
}
Event: 5.318 GC heap before
{Heap before GC invocations=23 (full 0):
 garbage-first heap   total 96256K, used 77010K [0x000000070a800000, 0x0000000800000000)
  region size 2048K, 27 young (55296K), 4 survivors (8192K)
 Metaspace       used 81122K, committed 81920K, reserved 1179648K
  class space    used 10718K, committed 11072K, reserved 1048576K
}
Event: 5.321 GC heap after
{Heap after GC invocations=24 (full 0):
 garbage-first heap   total 96256K, used 34626K [0x000000070a800000, 0x0000000800000000)
  region size 2048K, 4 young (8192K), 4 survivors (8192K)
 Metaspace       used 81122K, committed 81920K, reserved 1179648K
  class space    used 10718K, committed 11072K, reserved 1048576K
}
Event: 5.597 GC heap before
{Heap before GC invocations=24 (full 0):
 garbage-first heap   total 96256K, used 77634K [0x000000070a800000, 0x0000000800000000)
  region size 2048K, 26 young (53248K), 4 survivors (8192K)
 Metaspace       used 85039K, committed 85824K, reserved 1179648K
  class space    used 11291K, committed 11648K, reserved 1048576K
}
Event: 5.601 GC heap after
{Heap after GC invocations=25 (full 0):
 garbage-first heap   total 96256K, used 35986K [0x000000070a800000, 0x0000000800000000)
  region size 2048K, 3 young (6144K), 3 survivors (6144K)
 Metaspace       used 85039K, committed 85824K, reserved 1179648K
  class space    used 11291K, committed 11648K, reserved 1048576K
}
Event: 69.606 GC heap before
{Heap before GC invocations=25 (full 0):
 garbage-first heap   total 96256K, used 58514K [0x000000070a800000, 0x0000000800000000)
  region size 2048K, 15 young (30720K), 3 survivors (6144K)
 Metaspace       used 86113K, committed 86912K, reserved 1179648K
  class space    used 11477K, committed 11840K, reserved 1048576K
}
Event: 69.637 GC heap after
{Heap after GC invocations=26 (full 1):
 garbage-first heap   total 96256K, used 30301K [0x000000070a800000, 0x0000000800000000)
  region size 2048K, 0 young (0K), 0 survivors (0K)
 Metaspace       used 86094K, committed 86912K, reserved 1179648K
  class space    used 11473K, committed 11840K, reserved 1048576K
}
Event: 70.073 GC heap before
{Heap before GC invocations=26 (full 1):
 garbage-first heap   total 96256K, used 85597K [0x000000070a800000, 0x0000000800000000)
  region size 2048K, 27 young (55296K), 0 survivors (0K)
 Metaspace       used 86275K, committed 87104K, reserved 1179648K
  class space    used 11497K, committed 11840K, reserved 1048576K
}
Event: 70.075 GC heap after
{Heap after GC invocations=27 (full 1):
 garbage-first heap   total 96256K, used 35157K [0x000000070a800000, 0x0000000800000000)
  region size 2048K, 3 young (6144K), 3 survivors (6144K)
 Metaspace       used 86275K, committed 87104K, reserved 1179648K
  class space    used 11497K, committed 11840K, reserved 1048576K
}
Event: 70.519 GC heap before
{Heap before GC invocations=27 (full 1):
 garbage-first heap   total 96256K, used 80213K [0x000000070a800000, 0x0000000800000000)
  region size 2048K, 25 young (51200K), 3 survivors (6144K)
 Metaspace       used 86635K, committed 87488K, reserved 1179648K
  class space    used 11528K, committed 11904K, reserved 1048576K
}
Event: 70.521 GC heap after
{Heap after GC invocations=28 (full 1):
 garbage-first heap   total 96256K, used 37479K [0x000000070a800000, 0x0000000800000000)
  region size 2048K, 2 young (4096K), 2 survivors (4096K)
 Metaspace       used 86635K, committed 87488K, reserved 1179648K
  class space    used 11528K, committed 11904K, reserved 1048576K
}
Event: 430.290 GC heap before
{Heap before GC invocations=28 (full 1):
 garbage-first heap   total 96256K, used 82535K [0x000000070a800000, 0x0000000800000000)
  region size 2048K, 24 young (49152K), 2 survivors (4096K)
 Metaspace       used 87811K, committed 88704K, reserved 1179648K
  class space    used 11711K, committed 12096K, reserved 1048576K
}
Event: 430.292 GC heap after
{Heap after GC invocations=29 (full 1):
 garbage-first heap   total 96256K, used 37737K [0x000000070a800000, 0x0000000800000000)
  region size 2048K, 2 young (4096K), 2 survivors (4096K)
 Metaspace       used 87811K, committed 88704K, reserved 1179648K
  class space    used 11711K, committed 12096K, reserved 1048576K
}
Event: 746.780 GC heap before
{Heap before GC invocations=30 (full 1):
 garbage-first heap   total 96256K, used 60265K [0x000000070a800000, 0x0000000800000000)
  region size 2048K, 14 young (28672K), 2 survivors (4096K)
 Metaspace       used 87318K, committed 88704K, reserved 1179648K
  class space    used 11585K, committed 12096K, reserved 1048576K
}
Event: 746.806 GC heap after
{Heap after GC invocations=31 (full 2):
 garbage-first heap   total 96256K, used 25875K [0x000000070a800000, 0x0000000800000000)
  region size 2048K, 0 young (0K), 0 survivors (0K)
 Metaspace       used 87295K, committed 88704K, reserved 1179648K
  class space    used 11579K, committed 12096K, reserved 1048576K
}
Event: 747.254 GC heap before
{Heap before GC invocations=31 (full 2):
 garbage-first heap   total 96256K, used 81171K [0x000000070a800000, 0x0000000800000000)
  region size 2048K, 28 young (57344K), 0 survivors (0K)
 Metaspace       used 87597K, committed 88704K, reserved 1179648K
  class space    used 11635K, committed 12096K, reserved 1048576K
}
Event: 747.256 GC heap after
{Heap after GC invocations=32 (full 2):
 garbage-first heap   total 96256K, used 31880K [0x000000070a800000, 0x0000000800000000)
  region size 2048K, 3 young (6144K), 3 survivors (6144K)
 Metaspace       used 87597K, committed 88704K, reserved 1179648K
  class space    used 11635K, committed 12096K, reserved 1048576K
}

